<?xml version="1.0" encoding="UTF-8"?>
<testsuite xmlns:xsi="http://www.w3.org/2001/XMLSchema-instance" xsi:noNamespaceSchemaLocation="https://maven.apache.org/surefire/maven-surefire-plugin/xsd/surefire-test-report-3.0.xsd" version="3.0" name="myTweetTest.MyTweetApiTest" time="2.091" tests="1" errors="0" skipped="0" failures="1">
  <properties>
    <property name="gopherProxySet" value="false"/>
    <property name="awt.toolkit" value="sun.lwawt.macosx.LWCToolkit"/>
    <property name="java.specification.version" value="9"/>
    <property name="file.encoding.pkg" value="sun.io"/>
    <property name="sun.cpu.isalist" value=""/>
    <property name="sun.jnu.encoding" value="UTF-8"/>
    <property name="java.class.path" value="/Users/rabahlamri/IdeaProjects/restApi_Twitter/Twitter/target/test-classes:/Users/rabahlamri/IdeaProjects/restApi_Twitter/Twitter/target/classes:/Users/rabahlamri/.m2/repository/io/rest-assured/rest-assured/4.3.1/rest-assured-4.3.1.jar:/Users/rabahlamri/.m2/repository/org/codehaus/groovy/groovy/3.0.3/groovy-3.0.3.jar:/Users/rabahlamri/.m2/repository/org/codehaus/groovy/groovy-xml/3.0.3/groovy-xml-3.0.3.jar:/Users/rabahlamri/.m2/repository/org/apache/httpcomponents/httpclient/4.5.12/httpclient-4.5.12.jar:/Users/rabahlamri/.m2/repository/org/apache/httpcomponents/httpcore/4.4.13/httpcore-4.4.13.jar:/Users/rabahlamri/.m2/repository/commons-logging/commons-logging/1.2/commons-logging-1.2.jar:/Users/rabahlamri/.m2/repository/commons-codec/commons-codec/1.11/commons-codec-1.11.jar:/Users/rabahlamri/.m2/repository/org/apache/httpcomponents/httpmime/4.5.12/httpmime-4.5.12.jar:/Users/rabahlamri/.m2/repository/org/hamcrest/hamcrest/2.1/hamcrest-2.1.jar:/Users/rabahlamri/.m2/repository/org/ccil/cowan/tagsoup/tagsoup/1.2.1/tagsoup-1.2.1.jar:/Users/rabahlamri/.m2/repository/io/rest-assured/json-path/4.3.1/json-path-4.3.1.jar:/Users/rabahlamri/.m2/repository/org/codehaus/groovy/groovy-json/3.0.3/groovy-json-3.0.3.jar:/Users/rabahlamri/.m2/repository/io/rest-assured/rest-assured-common/4.3.1/rest-assured-common-4.3.1.jar:/Users/rabahlamri/.m2/repository/io/rest-assured/xml-path/4.3.1/xml-path-4.3.1.jar:/Users/rabahlamri/.m2/repository/org/apache/commons/commons-lang3/3.4/commons-lang3-3.4.jar:/Users/rabahlamri/.m2/repository/jakarta/xml/bind/jakarta.xml.bind-api/2.3.3/jakarta.xml.bind-api-2.3.3.jar:/Users/rabahlamri/.m2/repository/com/sun/xml/bind/jaxb-impl/2.3.3/jaxb-impl-2.3.3.jar:/Users/rabahlamri/IdeaProjects/restApi_Twitter/Generic/target/Generic-1.0-SNAPSHOT.jar:/Users/rabahlamri/.m2/repository/org/testng/testng/7.1.0/testng-7.1.0.jar:/Users/rabahlamri/.m2/repository/com/beust/jcommander/1.72/jcommander-1.72.jar:/Users/rabahlamri/.m2/repository/com/google/inject/guice/4.1.0/guice-4.1.0-no_aop.jar:/Users/rabahlamri/.m2/repository/javax/inject/javax.inject/1/javax.inject-1.jar:/Users/rabahlamri/.m2/repository/aopalliance/aopalliance/1.0/aopalliance-1.0.jar:/Users/rabahlamri/.m2/repository/com/google/guava/guava/19.0/guava-19.0.jar:/Users/rabahlamri/.m2/repository/org/yaml/snakeyaml/1.21/snakeyaml-1.21.jar:/Users/rabahlamri/.m2/repository/io/rest-assured/rest-assured-all/4.3.1/rest-assured-all-4.3.1.jar:/Users/rabahlamri/.m2/repository/jakarta/activation/jakarta.activation-api/1.2.2/jakarta.activation-api-1.2.2.jar:/Users/rabahlamri/.m2/repository/com/github/scribejava/scribejava-apis/2.5.3/scribejava-apis-2.5.3.jar:/Users/rabahlamri/.m2/repository/com/github/scribejava/scribejava-core/2.5.3/scribejava-core-2.5.3.jar:/Users/rabahlamri/.m2/repository/com/fasterxml/jackson/core/jackson-databind/2.11.2/jackson-databind-2.11.2.jar:/Users/rabahlamri/.m2/repository/com/fasterxml/jackson/core/jackson-annotations/2.11.2/jackson-annotations-2.11.2.jar:/Users/rabahlamri/.m2/repository/com/fasterxml/jackson/core/jackson-core/2.11.2/jackson-core-2.11.2.jar:/Users/rabahlamri/.m2/repository/com/mashape/unirest/unirest-java/1.4.9/unirest-java-1.4.9.jar:/Users/rabahlamri/.m2/repository/org/apache/httpcomponents/httpasyncclient/4.1.4/httpasyncclient-4.1.4.jar:/Users/rabahlamri/.m2/repository/org/apache/httpcomponents/httpcore-nio/4.4.10/httpcore-nio-4.4.10.jar:/Users/rabahlamri/.m2/repository/org/json/json/20200518/json-20200518.jar:/Users/rabahlamri/.m2/repository/com/googlecode/json-simple/json-simple/1.1.1/json-simple-1.1.1.jar:/Users/rabahlamri/.m2/repository/junit/junit/4.10/junit-4.10.jar:/Users/rabahlamri/.m2/repository/org/hamcrest/hamcrest-core/1.1/hamcrest-core-1.1.jar:/Users/rabahlamri/.m2/repository/io/rest-assured/json-schema-validator/4.3.1/json-schema-validator-4.3.1.jar:/Users/rabahlamri/.m2/repository/com/github/java-json-tools/json-schema-validator/2.2.10/json-schema-validator-2.2.10.jar:/Users/rabahlamri/.m2/repository/com/github/java-json-tools/json-schema-core/1.2.10/json-schema-core-1.2.10.jar:/Users/rabahlamri/.m2/repository/com/github/java-json-tools/jackson-coreutils/1.9/jackson-coreutils-1.9.jar:/Users/rabahlamri/.m2/repository/com/github/fge/msg-simple/1.1/msg-simple-1.1.jar:/Users/rabahlamri/.m2/repository/com/github/fge/btf/1.2/btf-1.2.jar:/Users/rabahlamri/.m2/repository/com/github/fge/uri-template/0.9/uri-template-0.9.jar:/Users/rabahlamri/.m2/repository/org/mozilla/rhino/1.7.7.1/rhino-1.7.7.1.jar:/Users/rabahlamri/.m2/repository/javax/mail/mailapi/1.4.3/mailapi-1.4.3.jar:/Users/rabahlamri/.m2/repository/javax/activation/activation/1.1/activation-1.1.jar:/Users/rabahlamri/.m2/repository/joda-time/joda-time/2.9.7/joda-time-2.9.7.jar:/Users/rabahlamri/.m2/repository/com/googlecode/libphonenumber/libphonenumber/8.0.0/libphonenumber-8.0.0.jar:/Users/rabahlamri/.m2/repository/com/google/code/findbugs/jsr305/3.0.1/jsr305-3.0.1.jar:/Users/rabahlamri/.m2/repository/net/sf/jopt-simple/jopt-simple/5.0.3/jopt-simple-5.0.3.jar:"/>
    <property name="java.vm.vendor" value="Oracle Corporation"/>
    <property name="sun.arch.data.model" value="64"/>
    <property name="java.vendor.url" value="http://java.oracle.com/"/>
    <property name="user.timezone" value="America/New_York"/>
    <property name="java.vm.specification.version" value="9"/>
    <property name="os.name" value="Mac OS X"/>
    <property name="sun.java.launcher" value="SUN_STANDARD"/>
    <property name="user.country" value="US"/>
    <property name="sun.boot.library.path" value="/Users/rabahlamri/.jenkins/tools/hudson.model.JDK/MyJDK/lib"/>
    <property name="sun.java.command" value="/Users/rabahlamri/IdeaProjects/restApi_Twitter/Twitter/target/surefire/surefirebooter7601470952870737005.jar /Users/rabahlamri/IdeaProjects/restApi_Twitter/Twitter/target/surefire 2020-09-21T13-11-04_001-jvmRun1 surefire9795858539382703713tmp surefire_016026532535230641345tmp"/>
    <property name="http.nonProxyHosts" value="local|*.local|169.254/16|*.169.254/16"/>
    <property name="jdk.debug" value="release"/>
    <property name="surefire.test.class.path" value="/Users/rabahlamri/IdeaProjects/restApi_Twitter/Twitter/target/test-classes:/Users/rabahlamri/IdeaProjects/restApi_Twitter/Twitter/target/classes:/Users/rabahlamri/.m2/repository/io/rest-assured/rest-assured/4.3.1/rest-assured-4.3.1.jar:/Users/rabahlamri/.m2/repository/org/codehaus/groovy/groovy/3.0.3/groovy-3.0.3.jar:/Users/rabahlamri/.m2/repository/org/codehaus/groovy/groovy-xml/3.0.3/groovy-xml-3.0.3.jar:/Users/rabahlamri/.m2/repository/org/apache/httpcomponents/httpclient/4.5.12/httpclient-4.5.12.jar:/Users/rabahlamri/.m2/repository/org/apache/httpcomponents/httpcore/4.4.13/httpcore-4.4.13.jar:/Users/rabahlamri/.m2/repository/commons-logging/commons-logging/1.2/commons-logging-1.2.jar:/Users/rabahlamri/.m2/repository/commons-codec/commons-codec/1.11/commons-codec-1.11.jar:/Users/rabahlamri/.m2/repository/org/apache/httpcomponents/httpmime/4.5.12/httpmime-4.5.12.jar:/Users/rabahlamri/.m2/repository/org/hamcrest/hamcrest/2.1/hamcrest-2.1.jar:/Users/rabahlamri/.m2/repository/org/ccil/cowan/tagsoup/tagsoup/1.2.1/tagsoup-1.2.1.jar:/Users/rabahlamri/.m2/repository/io/rest-assured/json-path/4.3.1/json-path-4.3.1.jar:/Users/rabahlamri/.m2/repository/org/codehaus/groovy/groovy-json/3.0.3/groovy-json-3.0.3.jar:/Users/rabahlamri/.m2/repository/io/rest-assured/rest-assured-common/4.3.1/rest-assured-common-4.3.1.jar:/Users/rabahlamri/.m2/repository/io/rest-assured/xml-path/4.3.1/xml-path-4.3.1.jar:/Users/rabahlamri/.m2/repository/org/apache/commons/commons-lang3/3.4/commons-lang3-3.4.jar:/Users/rabahlamri/.m2/repository/jakarta/xml/bind/jakarta.xml.bind-api/2.3.3/jakarta.xml.bind-api-2.3.3.jar:/Users/rabahlamri/.m2/repository/com/sun/xml/bind/jaxb-impl/2.3.3/jaxb-impl-2.3.3.jar:/Users/rabahlamri/IdeaProjects/restApi_Twitter/Generic/target/Generic-1.0-SNAPSHOT.jar:/Users/rabahlamri/.m2/repository/org/testng/testng/7.1.0/testng-7.1.0.jar:/Users/rabahlamri/.m2/repository/com/beust/jcommander/1.72/jcommander-1.72.jar:/Users/rabahlamri/.m2/repository/com/google/inject/guice/4.1.0/guice-4.1.0-no_aop.jar:/Users/rabahlamri/.m2/repository/javax/inject/javax.inject/1/javax.inject-1.jar:/Users/rabahlamri/.m2/repository/aopalliance/aopalliance/1.0/aopalliance-1.0.jar:/Users/rabahlamri/.m2/repository/com/google/guava/guava/19.0/guava-19.0.jar:/Users/rabahlamri/.m2/repository/org/yaml/snakeyaml/1.21/snakeyaml-1.21.jar:/Users/rabahlamri/.m2/repository/io/rest-assured/rest-assured-all/4.3.1/rest-assured-all-4.3.1.jar:/Users/rabahlamri/.m2/repository/jakarta/activation/jakarta.activation-api/1.2.2/jakarta.activation-api-1.2.2.jar:/Users/rabahlamri/.m2/repository/com/github/scribejava/scribejava-apis/2.5.3/scribejava-apis-2.5.3.jar:/Users/rabahlamri/.m2/repository/com/github/scribejava/scribejava-core/2.5.3/scribejava-core-2.5.3.jar:/Users/rabahlamri/.m2/repository/com/fasterxml/jackson/core/jackson-databind/2.11.2/jackson-databind-2.11.2.jar:/Users/rabahlamri/.m2/repository/com/fasterxml/jackson/core/jackson-annotations/2.11.2/jackson-annotations-2.11.2.jar:/Users/rabahlamri/.m2/repository/com/fasterxml/jackson/core/jackson-core/2.11.2/jackson-core-2.11.2.jar:/Users/rabahlamri/.m2/repository/com/mashape/unirest/unirest-java/1.4.9/unirest-java-1.4.9.jar:/Users/rabahlamri/.m2/repository/org/apache/httpcomponents/httpasyncclient/4.1.4/httpasyncclient-4.1.4.jar:/Users/rabahlamri/.m2/repository/org/apache/httpcomponents/httpcore-nio/4.4.10/httpcore-nio-4.4.10.jar:/Users/rabahlamri/.m2/repository/org/json/json/20200518/json-20200518.jar:/Users/rabahlamri/.m2/repository/com/googlecode/json-simple/json-simple/1.1.1/json-simple-1.1.1.jar:/Users/rabahlamri/.m2/repository/junit/junit/4.10/junit-4.10.jar:/Users/rabahlamri/.m2/repository/org/hamcrest/hamcrest-core/1.1/hamcrest-core-1.1.jar:/Users/rabahlamri/.m2/repository/io/rest-assured/json-schema-validator/4.3.1/json-schema-validator-4.3.1.jar:/Users/rabahlamri/.m2/repository/com/github/java-json-tools/json-schema-validator/2.2.10/json-schema-validator-2.2.10.jar:/Users/rabahlamri/.m2/repository/com/github/java-json-tools/json-schema-core/1.2.10/json-schema-core-1.2.10.jar:/Users/rabahlamri/.m2/repository/com/github/java-json-tools/jackson-coreutils/1.9/jackson-coreutils-1.9.jar:/Users/rabahlamri/.m2/repository/com/github/fge/msg-simple/1.1/msg-simple-1.1.jar:/Users/rabahlamri/.m2/repository/com/github/fge/btf/1.2/btf-1.2.jar:/Users/rabahlamri/.m2/repository/com/github/fge/uri-template/0.9/uri-template-0.9.jar:/Users/rabahlamri/.m2/repository/org/mozilla/rhino/1.7.7.1/rhino-1.7.7.1.jar:/Users/rabahlamri/.m2/repository/javax/mail/mailapi/1.4.3/mailapi-1.4.3.jar:/Users/rabahlamri/.m2/repository/javax/activation/activation/1.1/activation-1.1.jar:/Users/rabahlamri/.m2/repository/joda-time/joda-time/2.9.7/joda-time-2.9.7.jar:/Users/rabahlamri/.m2/repository/com/googlecode/libphonenumber/libphonenumber/8.0.0/libphonenumber-8.0.0.jar:/Users/rabahlamri/.m2/repository/com/google/code/findbugs/jsr305/3.0.1/jsr305-3.0.1.jar:/Users/rabahlamri/.m2/repository/net/sf/jopt-simple/jopt-simple/5.0.3/jopt-simple-5.0.3.jar:"/>
    <property name="sun.cpu.endian" value="little"/>
    <property name="user.home" value="/Users/rabahlamri"/>
    <property name="user.language" value="en"/>
    <property name="java.specification.vendor" value="Oracle Corporation"/>
    <property name="java.home" value="/Users/rabahlamri/.jenkins/tools/hudson.model.JDK/MyJDK"/>
    <property name="file.separator" value="/"/>
    <property name="basedir" value="/Users/rabahlamri/IdeaProjects/restApi_Twitter/Twitter"/>
    <property name="java.vm.compressedOopsMode" value="Zero based"/>
    <property name="line.separator" value="&#10;"/>
    <property name="java.specification.name" value="Java Platform API Specification"/>
    <property name="java.vm.specification.vendor" value="Oracle Corporation"/>
    <property name="java.awt.graphicsenv" value="sun.awt.CGraphicsEnvironment"/>
    <property name="surefire.real.class.path" value="/Users/rabahlamri/IdeaProjects/restApi_Twitter/Twitter/target/surefire/surefirebooter7601470952870737005.jar"/>
    <property name="sun.management.compiler" value="HotSpot 64-Bit Tiered Compilers"/>
    <property name="ftp.nonProxyHosts" value="local|*.local|169.254/16|*.169.254/16"/>
    <property name="java.runtime.version" value="9.0.4+11"/>
    <property name="user.name" value="rabahlamri"/>
    <property name="path.separator" value=":"/>
    <property name="os.version" value="10.15.6"/>
    <property name="java.runtime.name" value="Java(TM) SE Runtime Environment"/>
    <property name="file.encoding" value="UTF-8"/>
    <property name="java.vm.name" value="Java HotSpot(TM) 64-Bit Server VM"/>
    <property name="localRepository" value="/Users/rabahlamri/.m2/repository"/>
    <property name="java.vendor.url.bug" value="http://bugreport.java.com/bugreport/"/>
    <property name="java.io.tmpdir" value="/var/folders/9q/ctqq8hnx4wb623ywdxq9dvsh0000gn/T/"/>
    <property name="java.version" value="9.0.4"/>
    <property name="user.dir" value="/Users/rabahlamri/IdeaProjects/restApi_Twitter/Twitter"/>
    <property name="os.arch" value="x86_64"/>
    <property name="java.vm.specification.name" value="Java Virtual Machine Specification"/>
    <property name="java.awt.printerjob" value="sun.lwawt.macosx.CPrinterJob"/>
    <property name="sun.os.patch.level" value="unknown"/>
    <property name="java.library.path" value="/Users/rabahlamri/Library/Java/Extensions:/Library/Java/Extensions:/Network/Library/Java/Extensions:/System/Library/Java/Extensions:/usr/lib/java:."/>
    <property name="java.vm.info" value="mixed mode"/>
    <property name="java.vendor" value="Oracle Corporation"/>
    <property name="java.vm.version" value="9.0.4+11"/>
    <property name="sun.io.unicode.encoding" value="UnicodeBig"/>
    <property name="java.class.version" value="53.0"/>
    <property name="socksNonProxyHosts" value="local|*.local|169.254/16|*.169.254/16"/>
  </properties>
  <testcase name="testDelete" classname="myTweetTest.MyTweetApiTest" time="1.75">
    <failure message="1 expectation failed.&#10;Expected status code &lt;200&gt; but was &lt;404&gt;.&#10;" type="java.lang.AssertionError"><![CDATA[java.lang.AssertionError: 
1 expectation failed.
Expected status code <200> but was <404>.

	at myTweetTest.MyTweetApiTest.testDelete(MyTweetApiTest.java:58)
]]></failure>
  </testcase>
</testsuite>